<?xml version="1.0" encoding="UTF-8"?>
<testsuite name="viikko5.FrequenciesTest" tests="4" skipped="0" failures="0" errors="0" timestamp="2025-10-25T13:25:56" hostname="BETA-PC" time="0.002">
  <properties/>
  <testcase name="handlesNullAndEmpty()" classname="viikko5.FrequenciesTest" time="0.001"/>
  <testcase name="ignoresSpacesAndPunctuation_andCountsOnlyLetters()" classname="viikko5.FrequenciesTest" time="0.0"/>
  <testcase name="countsLetters_caseInsensitive_withNordic()" classname="viikko5.FrequenciesTest" time="0.001"/>
  <testcase name="mixesUpperLowerAndNordics()" classname="viikko5.FrequenciesTest" time="0.0"/>
  <system-out><![CDATA[]]></system-out>
  <system-err><![CDATA[]]></system-err>
</testsuite>
