<?xml version="1.0" encoding="UTF-8"?>
<testsuite name="viikko5.PhoneBookTest" tests="4" skipped="0" failures="0" errors="0" timestamp="2025-10-25T13:25:56" hostname="BETA-PC" time="0.002">
  <properties/>
  <testcase name="size_countsUniqueNames()" classname="viikko5.PhoneBookTest" time="0.001"/>
  <testcase name="add_overwritesExistingNumber()" classname="viikko5.PhoneBookTest" time="0.0"/>
  <testcase name="differentNamesMayShareSameNumber()" classname="viikko5.PhoneBookTest" time="0.0"/>
  <testcase name="addAndFind_basic()" classname="viikko5.PhoneBookTest" time="0.001"/>
  <system-out><![CDATA[]]></system-out>
  <system-err><![CDATA[]]></system-err>
</testsuite>
